D, [2023-05-29T07:33:24.741040 #32] DEBUG -- :   [1m[36mUser Load (1.2ms)[0m  [1m[34mSELECT "users".* FROM "users" WHERE "users"."uid" = $1 LIMIT $2[0m  [["uid", 393630149], ["LIMIT", 1]]
D, [2023-05-29T07:33:24.743244 #32] DEBUG -- :   [1m[36mTRANSACTION (0.4ms)[0m  [1m[35mBEGIN[0m
D, [2023-05-29T07:33:24.743886 #32] DEBUG -- :   [1m[36mUser Create (0.4ms)[0m  [1m[32mINSERT INTO "users" ("uid", "username") VALUES ($1, $2) RETURNING "id"[0m  [["uid", 393630149], ["username", "stasyakhnenko"]]
D, [2023-05-29T07:33:24.744941 #32] DEBUG -- :   [1m[36mTRANSACTION (0.8ms)[0m  [1m[35mCOMMIT[0m
D, [2023-05-29T07:33:24.745848 #32] DEBUG -- :   [1m[36mQuizTest Load (0.2ms)[0m  [1m[34mSELECT "quiz_tests".* FROM "quiz_tests" WHERE "quiz_tests"."user_id" = $1 AND "quiz_tests"."status" = $2 LIMIT $3[0m  [["user_id", 2], ["status", 0], ["LIMIT", 1]]
D, [2023-05-29T07:33:24.746730 #32] DEBUG -- :   [1m[36mTRANSACTION (0.1ms)[0m  [1m[35mBEGIN[0m
D, [2023-05-29T07:33:24.747242 #32] DEBUG -- :   [1m[36mQuizTest Create (0.4ms)[0m  [1m[32mINSERT INTO "quiz_tests" ("user_id") VALUES ($1) RETURNING "id"[0m  [["user_id", 2]]
D, [2023-05-29T07:33:24.747750 #32] DEBUG -- :   [1m[36mTRANSACTION (0.3ms)[0m  [1m[35mCOMMIT[0m
D, [2023-05-29T07:33:29.052613 #32] DEBUG -- :   [1m[36mUser Load (0.5ms)[0m  [1m[34mSELECT "users".* FROM "users" WHERE "users"."uid" = $1 LIMIT $2[0m  [["uid", 393630149], ["LIMIT", 1]]
D, [2023-05-29T07:33:29.053654 #32] DEBUG -- :   [1m[36mQuizTest Load (0.3ms)[0m  [1m[34mSELECT "quiz_tests".* FROM "quiz_tests" WHERE "quiz_tests"."user_id" = $1 AND "quiz_tests"."status" = $2 LIMIT $3[0m  [["user_id", 2], ["status", 0], ["LIMIT", 1]]
D, [2023-05-29T07:33:37.551972 #32] DEBUG -- :   [1m[36mUser Load (0.4ms)[0m  [1m[34mSELECT "users".* FROM "users" WHERE "users"."uid" = $1 LIMIT $2[0m  [["uid", 393630149], ["LIMIT", 1]]
D, [2023-05-29T07:33:37.554363 #32] DEBUG -- :   [1m[36mQuizTest Load (1.1ms)[0m  [1m[34mSELECT "quiz_tests".* FROM "quiz_tests" WHERE "quiz_tests"."user_id" = $1 AND "quiz_tests"."status" = $2 LIMIT $3[0m  [["user_id", 2], ["status", 0], ["LIMIT", 1]]
D, [2023-05-29T07:33:39.210961 #32] DEBUG -- :   [1m[36mUser Load (0.8ms)[0m  [1m[34mSELECT "users".* FROM "users" WHERE "users"."uid" = $1 LIMIT $2[0m  [["uid", 393630149], ["LIMIT", 1]]
D, [2023-05-29T07:33:39.211943 #32] DEBUG -- :   [1m[36mQuizTest Load (0.2ms)[0m  [1m[34mSELECT "quiz_tests".* FROM "quiz_tests" WHERE "quiz_tests"."user_id" = $1 AND "quiz_tests"."status" = $2 LIMIT $3[0m  [["user_id", 2], ["status", 0], ["LIMIT", 1]]
D, [2023-05-29T07:33:39.212916 #32] DEBUG -- :   [1m[36mTRANSACTION (0.1ms)[0m  [1m[35mBEGIN[0m
D, [2023-05-29T07:33:39.213404 #32] DEBUG -- :   [1m[36mQuizTest Update (0.3ms)[0m  [1m[33mUPDATE "quiz_tests" SET "current_question" = $1, "incorrect_answers" = $2 WHERE "quiz_tests"."id" = $3[0m  [["current_question", 1], ["incorrect_answers", 1], ["id", 7]]
D, [2023-05-29T07:33:39.213929 #32] DEBUG -- :   [1m[36mTRANSACTION (0.3ms)[0m  [1m[35mCOMMIT[0m
D, [2023-05-29T07:33:41.750242 #32] DEBUG -- :   [1m[36mUser Load (0.4ms)[0m  [1m[34mSELECT "users".* FROM "users" WHERE "users"."uid" = $1 LIMIT $2[0m  [["uid", 393630149], ["LIMIT", 1]]
D, [2023-05-29T07:33:41.751245 #32] DEBUG -- :   [1m[36mQuizTest Load (0.3ms)[0m  [1m[34mSELECT "quiz_tests".* FROM "quiz_tests" WHERE "quiz_tests"."user_id" = $1 AND "quiz_tests"."status" = $2 LIMIT $3[0m  [["user_id", 2], ["status", 0], ["LIMIT", 1]]
D, [2023-05-29T07:33:41.752378 #32] DEBUG -- :   [1m[36mTRANSACTION (0.2ms)[0m  [1m[35mBEGIN[0m
D, [2023-05-29T07:33:41.753043 #32] DEBUG -- :   [1m[36mQuizTest Update (0.4ms)[0m  [1m[33mUPDATE "quiz_tests" SET "current_question" = $1, "incorrect_answers" = $2 WHERE "quiz_tests"."id" = $3[0m  [["current_question", 2], ["incorrect_answers", 2], ["id", 7]]
D, [2023-05-29T07:33:41.753716 #32] DEBUG -- :   [1m[36mTRANSACTION (0.4ms)[0m  [1m[35mCOMMIT[0m
D, [2023-05-29T07:33:42.689165 #32] DEBUG -- :   [1m[36mUser Load (0.4ms)[0m  [1m[34mSELECT "users".* FROM "users" WHERE "users"."uid" = $1 LIMIT $2[0m  [["uid", 393630149], ["LIMIT", 1]]
D, [2023-05-29T07:33:42.697801 #32] DEBUG -- :   [1m[36mQuizTest Load (3.3ms)[0m  [1m[34mSELECT "quiz_tests".* FROM "quiz_tests" WHERE "quiz_tests"."user_id" = $1 AND "quiz_tests"."status" = $2 LIMIT $3[0m  [["user_id", 2], ["status", 0], ["LIMIT", 1]]
D, [2023-05-29T07:33:42.703603 #32] DEBUG -- :   [1m[36mTRANSACTION (0.9ms)[0m  [1m[35mBEGIN[0m
D, [2023-05-29T07:33:42.705855 #32] DEBUG -- :   [1m[36mQuizTest Update (1.6ms)[0m  [1m[33mUPDATE "quiz_tests" SET "current_question" = $1, "incorrect_answers" = $2 WHERE "quiz_tests"."id" = $3[0m  [["current_question", 3], ["incorrect_answers", 3], ["id", 7]]
D, [2023-05-29T07:33:42.706998 #32] DEBUG -- :   [1m[36mTRANSACTION (0.7ms)[0m  [1m[35mCOMMIT[0m
D, [2023-05-29T07:33:43.943549 #32] DEBUG -- :   [1m[36mUser Load (0.4ms)[0m  [1m[34mSELECT "users".* FROM "users" WHERE "users"."uid" = $1 LIMIT $2[0m  [["uid", 393630149], ["LIMIT", 1]]
D, [2023-05-29T07:33:43.944452 #32] DEBUG -- :   [1m[36mQuizTest Load (0.2ms)[0m  [1m[34mSELECT "quiz_tests".* FROM "quiz_tests" WHERE "quiz_tests"."user_id" = $1 AND "quiz_tests"."status" = $2 LIMIT $3[0m  [["user_id", 2], ["status", 0], ["LIMIT", 1]]
D, [2023-05-29T07:33:43.945494 #32] DEBUG -- :   [1m[36mTRANSACTION (0.2ms)[0m  [1m[35mBEGIN[0m
D, [2023-05-29T07:33:43.946077 #32] DEBUG -- :   [1m[36mQuizTest Update (0.4ms)[0m  [1m[33mUPDATE "quiz_tests" SET "current_question" = $1, "incorrect_answers" = $2 WHERE "quiz_tests"."id" = $3[0m  [["current_question", 4], ["incorrect_answers", 4], ["id", 7]]
D, [2023-05-29T07:33:43.946701 #32] DEBUG -- :   [1m[36mTRANSACTION (0.4ms)[0m  [1m[35mCOMMIT[0m
D, [2023-05-29T07:33:45.174142 #32] DEBUG -- :   [1m[36mUser Load (2.2ms)[0m  [1m[34mSELECT "users".* FROM "users" WHERE "users"."uid" = $1 LIMIT $2[0m  [["uid", 393630149], ["LIMIT", 1]]
D, [2023-05-29T07:33:45.181157 #32] DEBUG -- :   [1m[36mQuizTest Load (2.6ms)[0m  [1m[34mSELECT "quiz_tests".* FROM "quiz_tests" WHERE "quiz_tests"."user_id" = $1 AND "quiz_tests"."status" = $2 LIMIT $3[0m  [["user_id", 2], ["status", 0], ["LIMIT", 1]]
D, [2023-05-29T07:33:45.185027 #32] DEBUG -- :   [1m[36mTRANSACTION (0.4ms)[0m  [1m[35mBEGIN[0m
D, [2023-05-29T07:33:45.187094 #32] DEBUG -- :   [1m[36mQuizTest Update (1.3ms)[0m  [1m[33mUPDATE "quiz_tests" SET "current_question" = $1, "status" = $2, "incorrect_answers" = $3 WHERE "quiz_tests"."id" = $4[0m  [["current_question", 5], ["status", 2], ["incorrect_answers", 5], ["id", 7]]
D, [2023-05-29T07:33:45.188711 #32] DEBUG -- :   [1m[36mTRANSACTION (0.7ms)[0m  [1m[35mCOMMIT[0m
