# Logfile created on 2023-05-28 14:48:30 +0300 by logger.rb/v1.5.0
D, [2023-05-28T14:48:32.967619 #31804] DEBUG -- :   [1m[36mUser Load (0.9ms)[0m  [1m[34mSELECT "users".* FROM "users" WHERE "users"."uid" = $1 LIMIT $2[0m  [["uid", 393630149], ["LIMIT", 1]]
D, [2023-05-28T14:48:32.981892 #31804] DEBUG -- :   [1m[36mTRANSACTION (0.7ms)[0m  [1m[35mBEGIN[0m
D, [2023-05-28T14:48:32.983387 #31804] DEBUG -- :   [1m[36mUser Create (1.2ms)[0m  [1m[32mINSERT INTO "users" ("uid", "username") VALUES ($1, $2) RETURNING "id"[0m  [["uid", 393630149], ["username", "stasyakhnenko"]]
D, [2023-05-28T14:48:32.989303 #31804] DEBUG -- :   [1m[36mTRANSACTION (5.6ms)[0m  [1m[35mCOMMIT[0m
D, [2023-05-28T14:48:37.460419 #31804] DEBUG -- :   [1m[36mUser Load (1.4ms)[0m  [1m[34mSELECT "users".* FROM "users" WHERE "users"."uid" = $1 LIMIT $2[0m  [["uid", 393630149], ["LIMIT", 1]]
D, [2023-05-28T14:48:42.691947 #31804] DEBUG -- :   [1m[36mUser Load (1.1ms)[0m  [1m[34mSELECT "users".* FROM "users" WHERE "users"."uid" = $1 LIMIT $2[0m  [["uid", 393630149], ["LIMIT", 1]]
D, [2023-05-28T14:48:50.785615 #31804] DEBUG -- :   [1m[36mUser Load (1.1ms)[0m  [1m[34mSELECT "users".* FROM "users" WHERE "users"."uid" = $1 LIMIT $2[0m  [["uid", 393630149], ["LIMIT", 1]]
D, [2023-05-28T15:00:05.488299 #31804] DEBUG -- :   [1m[36mUser Load (1.1ms)[0m  [1m[34mSELECT "users".* FROM "users" WHERE "users"."uid" = $1 LIMIT $2[0m  [["uid", 393630149], ["LIMIT", 1]]
D, [2023-05-28T15:04:29.552514 #31804] DEBUG -- :   [1m[36mUser Load (1.1ms)[0m  [1m[34mSELECT "users".* FROM "users" WHERE "users"."uid" = $1 LIMIT $2[0m  [["uid", 393630149], ["LIMIT", 1]]
D, [2023-05-28T15:04:36.334426 #31804] DEBUG -- :   [1m[36mUser Load (1.0ms)[0m  [1m[34mSELECT "users".* FROM "users" WHERE "users"."uid" = $1 LIMIT $2[0m  [["uid", 393630149], ["LIMIT", 1]]
D, [2023-05-28T15:05:53.957925 #34248] DEBUG -- :   [1m[36mUser Load (0.9ms)[0m  [1m[34mSELECT "users".* FROM "users" WHERE "users"."uid" = $1 LIMIT $2[0m  [["uid", 393630149], ["LIMIT", 1]]
D, [2023-05-28T15:05:59.019164 #34248] DEBUG -- :   [1m[36mUser Load (1.1ms)[0m  [1m[34mSELECT "users".* FROM "users" WHERE "users"."uid" = $1 LIMIT $2[0m  [["uid", 393630149], ["LIMIT", 1]]
D, [2023-05-28T15:06:00.900518 #34248] DEBUG -- :   [1m[36mUser Load (1.1ms)[0m  [1m[34mSELECT "users".* FROM "users" WHERE "users"."uid" = $1 LIMIT $2[0m  [["uid", 393630149], ["LIMIT", 1]]
D, [2023-05-28T15:10:33.235344 #3528] DEBUG -- :   [1m[36mUser Load (1.0ms)[0m  [1m[34mSELECT "users".* FROM "users" WHERE "users"."uid" = $1 LIMIT $2[0m  [["uid", 393630149], ["LIMIT", 1]]
D, [2023-05-28T15:10:35.873417 #3528] DEBUG -- :   [1m[36mUser Load (0.9ms)[0m  [1m[34mSELECT "users".* FROM "users" WHERE "users"."uid" = $1 LIMIT $2[0m  [["uid", 393630149], ["LIMIT", 1]]
D, [2023-05-28T15:10:43.969787 #3528] DEBUG -- :   [1m[36mUser Load (1.3ms)[0m  [1m[34mSELECT "users".* FROM "users" WHERE "users"."uid" = $1 LIMIT $2[0m  [["uid", 393630149], ["LIMIT", 1]]
D, [2023-05-28T15:10:46.662258 #3528] DEBUG -- :   [1m[36mUser Load (0.8ms)[0m  [1m[34mSELECT "users".* FROM "users" WHERE "users"."uid" = $1 LIMIT $2[0m  [["uid", 393630149], ["LIMIT", 1]]
D, [2023-05-28T15:10:48.717578 #3528] DEBUG -- :   [1m[36mUser Load (0.9ms)[0m  [1m[34mSELECT "users".* FROM "users" WHERE "users"."uid" = $1 LIMIT $2[0m  [["uid", 393630149], ["LIMIT", 1]]
D, [2023-05-28T15:11:12.108283 #3528] DEBUG -- :   [1m[36mUser Load (1.4ms)[0m  [1m[34mSELECT "users".* FROM "users" WHERE "users"."uid" = $1 LIMIT $2[0m  [["uid", 393630149], ["LIMIT", 1]]
D, [2023-05-28T15:11:44.255938 #3528] DEBUG -- :   [1m[36mUser Load (1.1ms)[0m  [1m[34mSELECT "users".* FROM "users" WHERE "users"."uid" = $1 LIMIT $2[0m  [["uid", 393630149], ["LIMIT", 1]]
D, [2023-05-28T15:11:47.858271 #3528] DEBUG -- :   [1m[36mUser Load (1.0ms)[0m  [1m[34mSELECT "users".* FROM "users" WHERE "users"."uid" = $1 LIMIT $2[0m  [["uid", 393630149], ["LIMIT", 1]]
D, [2023-05-28T15:11:52.428380 #3528] DEBUG -- :   [1m[36mUser Load (0.9ms)[0m  [1m[34mSELECT "users".* FROM "users" WHERE "users"."uid" = $1 LIMIT $2[0m  [["uid", 393630149], ["LIMIT", 1]]
D, [2023-05-28T15:11:55.174107 #3528] DEBUG -- :   [1m[36mUser Load (0.8ms)[0m  [1m[34mSELECT "users".* FROM "users" WHERE "users"."uid" = $1 LIMIT $2[0m  [["uid", 393630149], ["LIMIT", 1]]
D, [2023-05-28T15:11:58.958713 #3528] DEBUG -- :   [1m[36mUser Load (0.9ms)[0m  [1m[34mSELECT "users".* FROM "users" WHERE "users"."uid" = $1 LIMIT $2[0m  [["uid", 393630149], ["LIMIT", 1]]
D, [2023-05-28T15:12:02.567661 #3528] DEBUG -- :   [1m[36mUser Load (0.9ms)[0m  [1m[34mSELECT "users".* FROM "users" WHERE "users"."uid" = $1 LIMIT $2[0m  [["uid", 393630149], ["LIMIT", 1]]
D, [2023-05-28T15:12:06.488495 #3528] DEBUG -- :   [1m[36mUser Load (0.9ms)[0m  [1m[34mSELECT "users".* FROM "users" WHERE "users"."uid" = $1 LIMIT $2[0m  [["uid", 393630149], ["LIMIT", 1]]
D, [2023-05-28T15:15:11.633173 #20648] DEBUG -- :   [1m[36mUser Load (1.0ms)[0m  [1m[34mSELECT "users".* FROM "users" WHERE "users"."uid" = $1 LIMIT $2[0m  [["uid", 393630149], ["LIMIT", 1]]
D, [2023-05-28T15:15:13.910424 #20648] DEBUG -- :   [1m[36mUser Load (0.9ms)[0m  [1m[34mSELECT "users".* FROM "users" WHERE "users"."uid" = $1 LIMIT $2[0m  [["uid", 393630149], ["LIMIT", 1]]
D, [2023-05-28T15:15:18.756471 #20648] DEBUG -- :   [1m[36mUser Load (1.0ms)[0m  [1m[34mSELECT "users".* FROM "users" WHERE "users"."uid" = $1 LIMIT $2[0m  [["uid", 393630149], ["LIMIT", 1]]
D, [2023-05-28T15:17:55.580888 #40256] DEBUG -- :   [1m[36mUser Load (1.0ms)[0m  [1m[34mSELECT "users".* FROM "users" WHERE "users"."uid" = $1 LIMIT $2[0m  [["uid", 393630149], ["LIMIT", 1]]
D, [2023-05-28T15:17:59.263419 #40256] DEBUG -- :   [1m[36mUser Load (1.2ms)[0m  [1m[34mSELECT "users".* FROM "users" WHERE "users"."uid" = $1 LIMIT $2[0m  [["uid", 393630149], ["LIMIT", 1]]
D, [2023-05-28T15:20:02.771852 #31460] DEBUG -- :   [1m[36mUser Load (1.0ms)[0m  [1m[34mSELECT "users".* FROM "users" WHERE "users"."uid" = $1 LIMIT $2[0m  [["uid", 393630149], ["LIMIT", 1]]
D, [2023-05-28T15:20:32.929097 #22272] DEBUG -- :   [1m[36mUser Load (1.1ms)[0m  [1m[34mSELECT "users".* FROM "users" WHERE "users"."uid" = $1 LIMIT $2[0m  [["uid", 393630149], ["LIMIT", 1]]
D, [2023-05-28T15:20:54.150128 #39724] DEBUG -- :   [1m[36mUser Load (1.2ms)[0m  [1m[34mSELECT "users".* FROM "users" WHERE "users"."uid" = $1 LIMIT $2[0m  [["uid", 393630149], ["LIMIT", 1]]
D, [2023-05-28T15:20:57.915009 #39724] DEBUG -- :   [1m[36mUser Load (1.0ms)[0m  [1m[34mSELECT "users".* FROM "users" WHERE "users"."uid" = $1 LIMIT $2[0m  [["uid", 393630149], ["LIMIT", 1]]
D, [2023-05-28T15:21:00.298509 #39724] DEBUG -- :   [1m[36mUser Load (1.3ms)[0m  [1m[34mSELECT "users".* FROM "users" WHERE "users"."uid" = $1 LIMIT $2[0m  [["uid", 393630149], ["LIMIT", 1]]
D, [2023-05-28T15:21:02.394935 #39724] DEBUG -- :   [1m[36mUser Load (1.0ms)[0m  [1m[34mSELECT "users".* FROM "users" WHERE "users"."uid" = $1 LIMIT $2[0m  [["uid", 393630149], ["LIMIT", 1]]
D, [2023-05-28T15:21:05.755049 #39724] DEBUG -- :   [1m[36mUser Load (0.9ms)[0m  [1m[34mSELECT "users".* FROM "users" WHERE "users"."uid" = $1 LIMIT $2[0m  [["uid", 393630149], ["LIMIT", 1]]
D, [2023-05-28T15:27:49.859654 #11616] DEBUG -- :   [1m[36mUser Load (1.2ms)[0m  [1m[34mSELECT "users".* FROM "users" WHERE "users"."uid" = $1 LIMIT $2[0m  [["uid", 393630149], ["LIMIT", 1]]
D, [2023-05-28T15:29:33.558874 #10560] DEBUG -- :   [1m[36mUser Load (0.9ms)[0m  [1m[34mSELECT "users".* FROM "users" WHERE "users"."uid" = $1 LIMIT $2[0m  [["uid", 393630149], ["LIMIT", 1]]
D, [2023-05-28T15:29:43.271561 #34288] DEBUG -- :   [1m[36mUser Load (1.0ms)[0m  [1m[34mSELECT "users".* FROM "users" WHERE "users"."uid" = $1 LIMIT $2[0m  [["uid", 393630149], ["LIMIT", 1]]
D, [2023-05-28T15:29:59.985523 #38784] DEBUG -- :   [1m[36mUser Load (0.9ms)[0m  [1m[34mSELECT "users".* FROM "users" WHERE "users"."uid" = $1 LIMIT $2[0m  [["uid", 393630149], ["LIMIT", 1]]
D, [2023-05-28T15:30:12.881559 #4672] DEBUG -- :   [1m[36mUser Load (1.0ms)[0m  [1m[34mSELECT "users".* FROM "users" WHERE "users"."uid" = $1 LIMIT $2[0m  [["uid", 393630149], ["LIMIT", 1]]
D, [2023-05-28T15:31:03.452724 #30820] DEBUG -- :   [1m[36mUser Load (1.1ms)[0m  [1m[34mSELECT "users".* FROM "users" WHERE "users"."uid" = $1 LIMIT $2[0m  [["uid", 393630149], ["LIMIT", 1]]
D, [2023-05-28T15:33:05.170590 #23556] DEBUG -- :   [1m[36mUser Load (1.1ms)[0m  [1m[34mSELECT "users".* FROM "users" WHERE "users"."uid" = $1 LIMIT $2[0m  [["uid", 393630149], ["LIMIT", 1]]
D, [2023-05-28T15:34:38.520241 #38332] DEBUG -- :   [1m[36mUser Load (1.0ms)[0m  [1m[34mSELECT "users".* FROM "users" WHERE "users"."uid" = $1 LIMIT $2[0m  [["uid", 393630149], ["LIMIT", 1]]
D, [2023-05-28T15:35:38.026896 #30520] DEBUG -- :   [1m[36mUser Load (1.0ms)[0m  [1m[34mSELECT "users".* FROM "users" WHERE "users"."uid" = $1 LIMIT $2[0m  [["uid", 393630149], ["LIMIT", 1]]
D, [2023-05-28T15:35:44.999294 #30520] DEBUG -- :   [1m[36mUser Load (1.0ms)[0m  [1m[34mSELECT "users".* FROM "users" WHERE "users"."uid" = $1 LIMIT $2[0m  [["uid", 393630149], ["LIMIT", 1]]
D, [2023-05-28T15:36:49.293254 #29876] DEBUG -- :   [1m[36mUser Load (1.0ms)[0m  [1m[34mSELECT "users".* FROM "users" WHERE "users"."uid" = $1 LIMIT $2[0m  [["uid", 393630149], ["LIMIT", 1]]
D, [2023-05-28T15:37:20.422795 #25612] DEBUG -- :   [1m[36mUser Load (0.9ms)[0m  [1m[34mSELECT "users".* FROM "users" WHERE "users"."uid" = $1 LIMIT $2[0m  [["uid", 393630149], ["LIMIT", 1]]
